<?xml version="1.0" encoding="UTF-8"?>
<!-- Generated by org.testng.reporters.JUnitXMLReporter -->
<testsuite hostname="DESKTOP-BD2581E" ignored="0" name="Default test" tests="4" failures="0" timestamp="27 Oct 2020 10:04:13 GMT" time="6.363" errors="0">
  <testcase name="api_for_foreign_exchange" time="0.807" classname="StepsDefinition.TestNGReport"/>
  <testcase name="posted_with_future_date_value" time="3.603" classname="StepsDefinition.TestNGReport"/>
  <testcase name="posted_with_future_date_value" time="1.879" classname="StepsDefinition.TestNGReport"/>
  <testcase name="validate_positive_response_code_received" time="0.015" classname="StepsDefinition.TestNGReport"/>
</testsuite> <!-- Default test -->
