<?xml version="1.0" encoding="UTF-8"?>
<testng-results skipped="0" failed="0" ignored="0" total="4" passed="4">
  <reporter-output>
  </reporter-output>
  <suite name="Default suite" duration-ms="6363" started-at="2020-10-27T10:04:06Z" finished-at="2020-10-27T10:04:13Z">
    <groups>
    </groups>
    <test name="Default test" duration-ms="6363" started-at="2020-10-27T10:04:06Z" finished-at="2020-10-27T10:04:13Z">
      <class name="StepsDefinition.TestRunner">
        <test-method status="PASS" signature="api_for_foreign_exchange()[pri:0, instance:StepsDefinition.TestRunner@a5e8df1]" name="api_for_foreign_exchange" duration-ms="807" started-at="2020-10-27T10:04:06Z" finished-at="2020-10-27T10:04:07Z">
          <reporter-output>
          </reporter-output>
        </test-method> <!-- api_for_foreign_exchange -->
        <test-method status="PASS" signature="posted_with_future_date_value(java.lang.String, java.lang.String, java.lang.String)[pri:0, instance:StepsDefinition.TestRunner@a5e8df1]" name="posted_with_future_date_value" duration-ms="3603" started-at="2020-10-27T10:04:07Z" data-provider="Date" finished-at="2020-10-27T10:04:11Z">
          <params>
            <param index="0">
              <value>
                <![CDATA[2020]]>
              </value>
            </param>
            <param index="1">
              <value>
                <![CDATA[10]]>
              </value>
            </param>
            <param index="2">
              <value>
                <![CDATA[28]]>
              </value>
            </param>
          </params>
          <reporter-output>
          </reporter-output>
        </test-method> <!-- posted_with_future_date_value -->
        <test-method status="PASS" signature="posted_with_future_date_value(java.lang.String, java.lang.String, java.lang.String)[pri:0, instance:StepsDefinition.TestRunner@a5e8df1]" name="posted_with_future_date_value" duration-ms="1879" started-at="2020-10-27T10:04:11Z" data-provider="Date" finished-at="2020-10-27T10:04:13Z">
          <params>
            <param index="0">
              <value>
                <![CDATA[2021]]>
              </value>
            </param>
            <param index="1">
              <value>
                <![CDATA[06]]>
              </value>
            </param>
            <param index="2">
              <value>
                <![CDATA[25]]>
              </value>
            </param>
          </params>
          <reporter-output>
          </reporter-output>
        </test-method> <!-- posted_with_future_date_value -->
        <test-method status="PASS" signature="validate_positive_response_code_received()[pri:0, instance:StepsDefinition.TestRunner@a5e8df1]" name="validate_positive_response_code_received" duration-ms="15" started-at="2020-10-27T10:04:13Z" finished-at="2020-10-27T10:04:13Z">
          <reporter-output>
          </reporter-output>
        </test-method> <!-- validate_positive_response_code_received -->
      </class> <!-- StepsDefinition.TestRunner -->
    </test> <!-- Default test -->
  </suite> <!-- Default suite -->
</testng-results>
